<?xml version="1.0" encoding="UTF-8"?>
<!-- Generated by org.testng.reporters.JUnitReportReporter -->
<testsuite skipped="0" hostname="Bhupesh" name="Tests.CalculatorPageTest" tests="2" failures="0" timestamp="2020-04-09T16:13:52 IST" time="5.228" errors="0">
  <testcase name="sumTest" time="2.896" classname="Tests.CalculatorPageTest"/>
  <testcase name="subTest" time="2.332" classname="Tests.CalculatorPageTest"/>
</testsuite> <!-- Tests.CalculatorPageTest -->
